[2018-03-27 00:23:00,637][JavaFX Application Thread][DEBUG][net.javafxchina.xmdp.ui.widgets.RibbonHome:103] Selected button: b3
[2018-03-27 00:23:02,316][JavaFX Application Thread][DEBUG][net.javafxchina.xmdp.ui.widgets.RibbonHome:103] Selected button: b4
[2018-03-27 00:23:03,311][JavaFX Application Thread][DEBUG][net.javafxchina.xmdp.ui.widgets.RibbonHome:103] Selected button: b5
[2018-03-27 00:23:04,182][JavaFX Application Thread][DEBUG][net.javafxchina.xmdp.ui.widgets.RibbonHome:103] Selected button: b6
[2018-03-27 00:23:04,688][JavaFX Application Thread][DEBUG][net.javafxchina.xmdp.ui.widgets.RibbonHome:103] Selected button: b7
[2018-03-27 00:23:05,048][JavaFX Application Thread][DEBUG][net.javafxchina.xmdp.ui.widgets.RibbonHome:103] Selected button: b8
[2018-03-27 00:23:05,427][JavaFX Application Thread][DEBUG][net.javafxchina.xmdp.ui.widgets.RibbonHome:103] Selected button: b10
[2018-03-27 00:23:05,762][JavaFX Application Thread][DEBUG][net.javafxchina.xmdp.ui.widgets.RibbonHome:103] Selected button: b11
[2018-03-27 00:23:06,331][JavaFX Application Thread][DEBUG][net.javafxchina.xmdp.ui.widgets.RibbonHome:103] Selected button: b10
[2018-03-27 00:23:07,021][JavaFX Application Thread][DEBUG][net.javafxchina.xmdp.ui.widgets.RibbonHome:103] Selected button: b9
[2018-03-27 00:23:07,490][JavaFX Application Thread][DEBUG][net.javafxchina.xmdp.ui.widgets.RibbonHome:103] Selected button: b7
[2018-03-27 00:23:07,811][JavaFX Application Thread][DEBUG][net.javafxchina.xmdp.ui.widgets.RibbonHome:103] Selected button: b4
[2018-03-27 00:23:08,120][JavaFX Application Thread][DEBUG][net.javafxchina.xmdp.ui.widgets.RibbonHome:103] Selected button: b3
[2018-04-01 22:57:22,585][JavaFX Application Thread][INFO][net.javafxchina.xmdp.addon.AddonsLauncher:56] localPath=D:\我的坚果云\98技术学习\JavaFX\XMDP\git\xmdp\src\xmdp.ui
[2018-04-01 22:57:22,590][JavaFX Application Thread][INFO][net.javafxchina.xmdp.addon.AddonsManager:26] ==================AddonsManager created==================
[2018-04-01 22:57:22,723][JavaFX Application Thread][INFO][net.javafxchina.xmdp.addon.AddonsManager:41] ============= Starting the Addons Search=============
[2018-04-01 22:57:22,726][JavaFX Application Thread][INFO][net.javafxchina.xmdp.addon.AddonsManager:48] Found 1 addons
[2018-04-01 22:57:22,726][JavaFX Application Thread][INFO][net.javafxchina.xmdp.addon.AddonsManager:51] Found a addon jar:xmdp.addon.test-1.0.0.jar
[2018-04-01 22:57:22,728][JavaFX Application Thread][INFO][net.javafxchina.xmdp.addon.AddonsLauncher:64] =============Core configuration loading=============
[2018-04-01 22:57:23,441][JavaFX Application Thread][INFO][net.javafxchina.xmdp.ui.dk.XMDPEntryFactory:61] XMDPEntryFactory初始化成功
[2018-04-01 22:57:23,441][JavaFX Application Thread][INFO][net.javafxchina.xmdp.ui.dk.XMDPController:81] XMDPController初始化成功
[2018-04-01 22:57:23,450][JavaFX Application Thread][INFO][net.javafxchina.xmdp.addon.test.TestAnnotationAddon:19] =================TestAnnotationAddon init!=======================
[2018-04-01 22:57:23,480][JavaFX Application Thread][INFO][net.javafxchina.xmdp.addon.AddonsLauncher:69] =============Loading addons=============
[2018-04-01 22:57:23,494][JavaFX Application Thread][DEBUG][net.javafxchina.xmdp.addon.AddonsManager:84] Register beans in addon.xml:name=testAddon;ClassName=net.javafxchina.xmdp.addon.test.TestAddon
[2018-04-01 22:57:23,497][JavaFX Application Thread][INFO][net.javafxchina.xmdp.addon.test.TestAddon:15] =================TestAddon init!=======================
[2018-04-01 22:57:23,497][JavaFX Application Thread][INFO][net.javafxchina.xmdp.addon.test.TestAddon:18] =================TestAddon doit!=======================
[2018-04-01 22:57:23,497][JavaFX Application Thread][INFO][net.javafxchina.xmdp.addon.AddonsLauncher:84] XML Addon test：net.javafxchina.xmdp.addon.test.TestAddon
[2018-04-01 22:57:23,497][JavaFX Application Thread][INFO][net.javafxchina.xmdp.addon.test.TestAnnotationAddon:23] =================TestAnnotationAddon doit!=======================
[2018-04-01 22:57:23,497][JavaFX Application Thread][INFO][net.javafxchina.xmdp.addon.AddonsLauncher:88] AnnotationAddon test：net.javafxchina.xmdp.addon.test.TestAnnotationAddon
[2018-04-01 22:57:23,497][JavaFX Application Thread][INFO][net.javafxchina.xmdp.addon.AddonsLauncher:72] =============Core configuration loaded=============
[2018-04-01 22:57:23,514][JavaFX Application Thread][INFO][net.javafxchina.xmdp.ui.dk.ControllerFactory:22] 控件工厂call,查找服务XMDPController;查找结果为net.javafxchina.xmdp.ui.dk.XMDPController@7f4b2aa2
[2018-04-01 22:57:23,652][JavaFX Application Thread][DEBUG][net.javafxchina.xmdp.ui.util.ResourceUtil:120] 图标路径：D:\我的坚果云\98技术学习\JavaFX\XMDP\git\xmdp\src\xmdp.ui\cfg\ui\img\logoIcon.png
[2018-04-01 22:57:23,684][JavaFX Application Thread][DEBUG][net.javafxchina.xmdp.ui.util.ResourceUtil:120] 图标路径：D:\我的坚果云\98技术学习\JavaFX\XMDP\git\xmdp\src\xmdp.ui\cfg\ui\img\desktop\home.png
[2018-04-01 22:57:23,695][JavaFX Application Thread][WARN][net.javafxchina.xmdp.ui.dk.XMDPEntryFactory:70] EntrySet服务为空，请确认是否配置
[2018-04-01 22:57:23,732][JavaFX Application Thread][DEBUG][net.javafxchina.xmdp.ui.util.ResourceUtil:120] 图标路径：D:\我的坚果云\98技术学习\JavaFX\XMDP\git\xmdp\src\xmdp.ui\cfg\ui\img\title.png
[2018-04-01 23:05:37,366][JavaFX Application Thread][INFO][net.javafxchina.xmdp.addon.AddonsLauncher:56] localPath=D:\我的坚果云\98技术学习\JavaFX\XMDP\git\xmdp\src\xmdp.ui
[2018-04-01 23:05:37,371][JavaFX Application Thread][INFO][net.javafxchina.xmdp.addon.AddonsManager:26] ==================AddonsManager created==================
[2018-04-01 23:05:37,399][JavaFX Application Thread][INFO][net.javafxchina.xmdp.addon.AddonsManager:41] ============= Starting the Addons Search=============
[2018-04-01 23:05:37,400][JavaFX Application Thread][INFO][net.javafxchina.xmdp.addon.AddonsManager:48] Found 1 addons
[2018-04-01 23:05:37,401][JavaFX Application Thread][INFO][net.javafxchina.xmdp.addon.AddonsManager:51] Found a addon jar:xmdp.addon.test-1.0.0.jar
[2018-04-01 23:05:37,402][JavaFX Application Thread][INFO][net.javafxchina.xmdp.addon.AddonsLauncher:64] =============Core configuration loading=============
[2018-04-01 23:05:37,842][JavaFX Application Thread][INFO][net.javafxchina.xmdp.ui.dk.XMDPEntryFactory:61] XMDPEntryFactory初始化成功
[2018-04-01 23:05:37,842][JavaFX Application Thread][INFO][net.javafxchina.xmdp.ui.dk.XMDPController:81] XMDPController初始化成功
[2018-04-01 23:05:37,852][JavaFX Application Thread][INFO][net.javafxchina.xmdp.addon.test.TestAnnotationAddon:19] =================TestAnnotationAddon init!=======================
[2018-04-01 23:05:37,870][JavaFX Application Thread][INFO][net.javafxchina.xmdp.addon.AddonsLauncher:69] =============Loading addons=============
[2018-04-01 23:05:37,883][JavaFX Application Thread][DEBUG][net.javafxchina.xmdp.addon.AddonsManager:84] Register beans in addon.xml:name=testAddon;ClassName=net.javafxchina.xmdp.addon.test.TestAddon
[2018-04-01 23:05:37,885][JavaFX Application Thread][INFO][net.javafxchina.xmdp.addon.test.TestAddon:15] =================TestAddon init!=======================
[2018-04-01 23:05:37,885][JavaFX Application Thread][INFO][net.javafxchina.xmdp.addon.test.TestAddon:18] =================TestAddon doit!=======================
[2018-04-01 23:05:37,885][JavaFX Application Thread][INFO][net.javafxchina.xmdp.addon.AddonsLauncher:84] XML Addon test：net.javafxchina.xmdp.addon.test.TestAddon
[2018-04-01 23:05:37,886][JavaFX Application Thread][INFO][net.javafxchina.xmdp.addon.test.TestAnnotationAddon:23] =================TestAnnotationAddon doit!=======================
[2018-04-01 23:05:37,886][JavaFX Application Thread][INFO][net.javafxchina.xmdp.addon.AddonsLauncher:88] AnnotationAddon test：net.javafxchina.xmdp.addon.test.TestAnnotationAddon
[2018-04-01 23:05:37,886][JavaFX Application Thread][INFO][net.javafxchina.xmdp.addon.AddonsLauncher:72] =============Core configuration loaded=============
[2018-04-01 23:05:37,902][JavaFX Application Thread][INFO][net.javafxchina.xmdp.ui.dk.ControllerFactory:22] 控件工厂call,查找服务XMDPController;查找结果为net.javafxchina.xmdp.ui.dk.XMDPController@23f75f22
[2018-04-01 23:05:38,043][JavaFX Application Thread][DEBUG][net.javafxchina.xmdp.ui.util.ResourceUtil:120] 图标路径：D:\我的坚果云\98技术学习\JavaFX\XMDP\git\xmdp\src\xmdp.ui\cfg\ui\img\logoIcon.png
[2018-04-01 23:05:38,074][JavaFX Application Thread][DEBUG][net.javafxchina.xmdp.ui.util.ResourceUtil:120] 图标路径：D:\我的坚果云\98技术学习\JavaFX\XMDP\git\xmdp\src\xmdp.ui\cfg\ui\img\desktop\home.png
[2018-04-01 23:05:38,084][JavaFX Application Thread][WARN][net.javafxchina.xmdp.ui.dk.XMDPEntryFactory:70] EntrySet服务为空，请确认是否配置
[2018-04-01 23:05:38,119][JavaFX Application Thread][DEBUG][net.javafxchina.xmdp.ui.util.ResourceUtil:120] 图标路径：D:\我的坚果云\98技术学习\JavaFX\XMDP\git\xmdp\src\xmdp.ui\cfg\ui\img\title.png
[2018-04-01 23:38:17,966][JavaFX Application Thread][DEBUG][net.javafxchina.xmdp.ui.widgets.RibbonHome:103] Selected button: b3
[2018-04-01 23:38:18,371][JavaFX Application Thread][DEBUG][net.javafxchina.xmdp.ui.widgets.RibbonHome:103] Selected button: b4
[2018-04-01 23:38:20,461][JavaFX Application Thread][DEBUG][net.javafxchina.xmdp.ui.widgets.RibbonHome:103] Selected button: b4
[2018-04-01 23:39:08,073][JavaFX Application Thread][DEBUG][net.javafxchina.xmdp.ui.widgets.RibbonHome:103] Selected button: b3
[2018-04-01 23:39:09,566][JavaFX Application Thread][DEBUG][net.javafxchina.xmdp.ui.widgets.RibbonHome:103] Selected button: b4
[2018-04-01 23:39:10,134][JavaFX Application Thread][DEBUG][net.javafxchina.xmdp.ui.widgets.RibbonHome:103] Selected button: b5
[2018-04-01 23:39:10,767][JavaFX Application Thread][DEBUG][net.javafxchina.xmdp.ui.widgets.RibbonHome:103] Selected button: b5
[2018-04-01 23:39:11,495][JavaFX Application Thread][DEBUG][net.javafxchina.xmdp.ui.widgets.RibbonHome:103] Selected button: b6
[2018-04-01 23:39:11,938][JavaFX Application Thread][DEBUG][net.javafxchina.xmdp.ui.widgets.RibbonHome:103] Selected button: b7
[2018-04-01 23:39:13,687][JavaFX Application Thread][DEBUG][net.javafxchina.xmdp.ui.widgets.RibbonHome:103] Selected button: b3
