[2018-04-02 00:08:22,917][JavaFX Application Thread][INFO][net.javafxchina.xmdp.addon.AddonsLauncher:56] localPath=D:\我的坚果云\98技术学习\JavaFX\XMDP\git\xmdp\bin\xmdp1.0.0.201804012
[2018-04-02 00:08:22,920][JavaFX Application Thread][INFO][net.javafxchina.xmdp.addon.AddonsManager:26] ==================AddonsManager created==================
[2018-04-02 00:08:22,938][JavaFX Application Thread][INFO][net.javafxchina.xmdp.addon.AddonsManager:41] ============= Starting the Addons Search=============
[2018-04-02 00:08:22,939][JavaFX Application Thread][INFO][net.javafxchina.xmdp.addon.AddonsManager:48] Found 2 addons
[2018-04-02 00:08:22,939][JavaFX Application Thread][INFO][net.javafxchina.xmdp.addon.AddonsManager:51] Found a addon jar:xmdp.addon.entrys-1.0.0.jar
[2018-04-02 00:08:22,940][JavaFX Application Thread][INFO][net.javafxchina.xmdp.addon.AddonsManager:51] Found a addon jar:xmdp.addon.test-1.0.0.jar
[2018-04-02 00:08:22,940][JavaFX Application Thread][INFO][net.javafxchina.xmdp.addon.AddonsLauncher:64] =============Core configuration loading=============
[2018-04-02 00:08:23,274][JavaFX Application Thread][INFO][net.javafxchina.xmdp.addon.entrys.EntrySet:33] 开始解析EntrySet配置
[2018-04-02 00:08:23,303][JavaFX Application Thread][INFO][net.javafxchina.xmdp.addon.entrys.EntrySet:75] 解析EntrySet配置完成
[2018-04-02 00:08:23,305][JavaFX Application Thread][INFO][net.javafxchina.xmdp.ui.dk.XMDPEntryFactory:61] XMDPEntryFactory初始化成功
[2018-04-02 00:08:23,309][JavaFX Application Thread][INFO][net.javafxchina.xmdp.ui.dk.XMDPController:81] XMDPController初始化成功
[2018-04-02 00:08:23,319][JavaFX Application Thread][INFO][net.javafxchina.xmdp.addon.test.TestAnnotationAddon:19] =================TestAnnotationAddon init!=======================
[2018-04-02 00:08:23,346][JavaFX Application Thread][INFO][net.javafxchina.xmdp.addon.AddonsLauncher:69] =============Loading addons=============
[2018-04-02 00:08:23,368][JavaFX Application Thread][DEBUG][net.javafxchina.xmdp.addon.AddonsManager:84] Register beans in addon.xml:name=testAddon;ClassName=net.javafxchina.xmdp.addon.test.TestAddon
[2018-04-02 00:08:23,373][JavaFX Application Thread][INFO][net.javafxchina.xmdp.addon.test.TestAddon:15] =================TestAddon init!=======================
[2018-04-02 00:08:23,374][JavaFX Application Thread][INFO][net.javafxchina.xmdp.addon.test.TestAddon:18] =================TestAddon doit!=======================
[2018-04-02 00:08:23,375][JavaFX Application Thread][INFO][net.javafxchina.xmdp.addon.AddonsLauncher:84] XML Addon test：net.javafxchina.xmdp.addon.test.TestAddon
[2018-04-02 00:08:23,376][JavaFX Application Thread][INFO][net.javafxchina.xmdp.addon.test.TestAnnotationAddon:23] =================TestAnnotationAddon doit!=======================
[2018-04-02 00:08:23,377][JavaFX Application Thread][INFO][net.javafxchina.xmdp.addon.AddonsLauncher:88] AnnotationAddon test：net.javafxchina.xmdp.addon.test.TestAnnotationAddon
[2018-04-02 00:08:23,378][JavaFX Application Thread][INFO][net.javafxchina.xmdp.addon.AddonsLauncher:72] =============Core configuration loaded=============
[2018-04-02 00:08:23,402][JavaFX Application Thread][INFO][net.javafxchina.xmdp.ui.dk.ControllerFactory:22] 控件工厂call,查找服务XMDPController;查找结果为net.javafxchina.xmdp.ui.dk.XMDPController@78f52c2b
[2018-04-02 00:08:23,569][JavaFX Application Thread][DEBUG][net.javafxchina.xmdp.ui.util.ResourceUtil:120] 图标路径：D:\我的坚果云\98技术学习\JavaFX\XMDP\git\xmdp\bin\xmdp1.0.0.201804012\cfg\ui\img\logoIcon.png
[2018-04-02 00:08:23,601][JavaFX Application Thread][DEBUG][net.javafxchina.xmdp.ui.util.ResourceUtil:120] 图标路径：D:\我的坚果云\98技术学习\JavaFX\XMDP\git\xmdp\bin\xmdp1.0.0.201804012\cfg\ui\img\desktop\home.png
[2018-04-02 00:08:23,621][JavaFX Application Thread][DEBUG][net.javafxchina.xmdp.ui.util.ResourceUtil:120] 图标路径：D:\我的坚果云\98技术学习\JavaFX\XMDP\git\xmdp\bin\xmdp1.0.0.201804012\cfg\ui\img\test.png
[2018-04-02 00:08:23,622][JavaFX Application Thread][ERROR][net.javafxchina.xmdp.ui.util.ResourceUtil:123] 未找到图标:D:\我的坚果云\98技术学习\JavaFX\XMDP\git\xmdp\bin\xmdp1.0.0.201804012\cfg\ui\img\test.png,将使用默认图标
[2018-04-02 00:08:23,708][JavaFX Application Thread][DEBUG][net.javafxchina.xmdp.ui.util.ResourceUtil:120] 图标路径：D:\我的坚果云\98技术学习\JavaFX\XMDP\git\xmdp\bin\xmdp1.0.0.201804012\cfg\ui\img\config.png
[2018-04-02 00:08:23,711][JavaFX Application Thread][DEBUG][net.javafxchina.xmdp.ui.util.ResourceUtil:120] 图标路径：D:\我的坚果云\98技术学习\JavaFX\XMDP\git\xmdp\bin\xmdp1.0.0.201804012\cfg\ui\img\ide.png
[2018-04-02 00:08:23,723][JavaFX Application Thread][DEBUG][net.javafxchina.xmdp.ui.util.ResourceUtil:120] 图标路径：D:\我的坚果云\98技术学习\JavaFX\XMDP\git\xmdp\bin\xmdp1.0.0.201804012\cfg\ui\img\title.png
[2018-04-02 00:08:25,226][JavaFX Application Thread][DEBUG][net.javafxchina.xmdp.ui.widgets.RibbonHome:103] Selected button: app
[2018-04-02 00:08:26,205][JavaFX Application Thread][DEBUG][net.javafxchina.xmdp.ui.dk.XMDPEntryFactory:119] Selected Module Button: JavaFXChina
[2018-04-02 00:08:26,206][JavaFX Application Thread][DEBUG][net.javafxchina.xmdp.ui.dk.TabOpenManager:59] 开始创建Tab页：explore_javafxchina
[2018-04-02 00:08:28,042][JavaFX Application Thread][DEBUG][net.javafxchina.xmdp.ui.widgets.RibbonHome:103] Selected button: config
[2018-04-02 00:08:29,045][JavaFX Application Thread][DEBUG][net.javafxchina.xmdp.ui.dk.XMDPEntryFactory:119] Selected Module Button: SceneBuilder
