[2018-06-27 01:04:46,499][main][INFO][net.javafxchina.xmdp.addon.AddonsLauncher:56] localPath=D:\WorkDocs\我的坚果云\98技术学习\JavaFX\XMDP\git\xmdp\src\xmdp.addon
[2018-06-27 01:04:46,506][main][INFO][net.javafxchina.xmdp.addon.AddonsManager:26] ==================AddonsManager created==================
[2018-06-27 01:04:46,550][main][INFO][net.javafxchina.xmdp.addon.AddonsManager:41] ============= Starting the Addons Search=============
[2018-06-27 01:04:46,552][main][INFO][net.javafxchina.xmdp.addon.AddonsManager:48] Found 1 addons
[2018-06-27 01:04:46,553][main][INFO][net.javafxchina.xmdp.addon.AddonsManager:51] Found a addon jar:xmdp.addon.test-1.0.0.jar
[2018-06-27 01:04:46,555][main][INFO][net.javafxchina.xmdp.addon.AddonsLauncher:64] =============Core configuration loading=============
[2018-06-27 01:04:47,228][main][INFO][net.javafxchina.xmdp.addon.test.TestAnnotationAddon:19] =================TestAnnotationAddon init!=======================
[2018-06-27 01:04:47,292][main][INFO][net.javafxchina.xmdp.addon.AddonsLauncher:69] =============Loading addons=============
[2018-06-27 01:04:47,333][main][DEBUG][net.javafxchina.xmdp.addon.AddonsManager:84] Register beans in addon.xml:name=testAddon;ClassName=net.javafxchina.xmdp.addon.test.TestAddon
[2018-06-27 01:04:47,338][main][INFO][net.javafxchina.xmdp.addon.test.TestAddon:15] =================TestAddon init!=======================
[2018-06-27 01:04:47,339][main][INFO][net.javafxchina.xmdp.addon.test.TestAddon:18] =================TestAddon doit!=======================
[2018-06-27 01:04:47,340][main][INFO][net.javafxchina.xmdp.addon.AddonsLauncher:84] XML Addon test：net.javafxchina.xmdp.addon.test.TestAddon
[2018-06-27 01:04:47,341][main][INFO][net.javafxchina.xmdp.addon.test.TestAnnotationAddon:23] =================TestAnnotationAddon doit!=======================
[2018-06-27 01:04:47,342][main][INFO][net.javafxchina.xmdp.addon.AddonsLauncher:88] AnnotationAddon test：net.javafxchina.xmdp.addon.test.TestAnnotationAddon
[2018-06-27 01:04:47,342][main][INFO][net.javafxchina.xmdp.addon.AddonsLauncher:72] =============Core configuration loaded=============
[2018-06-27 01:04:49,458][main][TRACE][net.javafxchina.xmdp.addon.test.LoggerTest:13] trace
[2018-06-27 01:04:49,459][main][DEBUG][net.javafxchina.xmdp.addon.test.LoggerTest:14] debug
[2018-06-27 01:04:49,459][main][WARN][net.javafxchina.xmdp.addon.test.LoggerTest:15] warn
[2018-06-27 01:04:49,460][main][INFO][net.javafxchina.xmdp.addon.test.LoggerTest:16] info
[2018-06-27 01:04:49,460][main][ERROR][net.javafxchina.xmdp.addon.test.LoggerTest:17] error
[2018-06-27 01:29:45,421][main][INFO][net.javafxchina.xmdp.addon.AddonsLauncher:56] localPath=D:\WorkDocs\我的坚果云\98技术学习\JavaFX\XMDP\git\xmdp\src\xmdp.addon
[2018-06-27 01:29:45,425][main][INFO][net.javafxchina.xmdp.addon.AddonsManager:26] ==================AddonsManager created==================
[2018-06-27 01:29:45,455][main][INFO][net.javafxchina.xmdp.addon.AddonsManager:41] ============= Starting the Addons Search=============
[2018-06-27 01:29:45,457][main][INFO][net.javafxchina.xmdp.addon.AddonsManager:48] Found 1 addons
[2018-06-27 01:29:45,457][main][INFO][net.javafxchina.xmdp.addon.AddonsManager:51] Found a addon jar:xmdp.addon.test-1.0.0.jar
[2018-06-27 01:29:45,458][main][INFO][net.javafxchina.xmdp.addon.AddonsLauncher:64] =============Core configuration loading=============
[2018-06-27 01:29:45,955][main][INFO][net.javafxchina.xmdp.addon.test.TestAnnotationAddon:19] =================TestAnnotationAddon init!=======================
[2018-06-27 01:29:45,980][main][INFO][net.javafxchina.xmdp.addon.AddonsLauncher:69] =============Loading addons=============
[2018-06-27 01:29:45,999][main][DEBUG][net.javafxchina.xmdp.addon.AddonsManager:84] Register beans in addon.xml:name=testAddon;ClassName=net.javafxchina.xmdp.addon.test.TestAddon
[2018-06-27 01:29:46,010][main][INFO][net.javafxchina.xmdp.addon.test.TestAddon:15] =================TestAddon init!=======================
[2018-06-27 01:29:46,011][main][INFO][net.javafxchina.xmdp.addon.test.TestAddon:18] =================TestAddon doit!=======================
[2018-06-27 01:29:46,012][main][INFO][net.javafxchina.xmdp.addon.AddonsLauncher:84] XML Addon test：net.javafxchina.xmdp.addon.test.TestAddon
[2018-06-27 01:29:46,012][main][INFO][net.javafxchina.xmdp.addon.test.TestAnnotationAddon:23] =================TestAnnotationAddon doit!=======================
[2018-06-27 01:29:46,012][main][INFO][net.javafxchina.xmdp.addon.AddonsLauncher:88] AnnotationAddon test：net.javafxchina.xmdp.addon.test.TestAnnotationAddon
[2018-06-27 01:29:46,013][main][INFO][net.javafxchina.xmdp.addon.AddonsLauncher:72] =============Core configuration loaded=============
[2018-06-27 01:29:46,430][main][TRACE][net.javafxchina.xmdp.addon.test.LoggerTest:13] trace
[2018-06-27 01:29:46,431][main][DEBUG][net.javafxchina.xmdp.addon.test.LoggerTest:14] debug
[2018-06-27 01:29:46,431][main][WARN][net.javafxchina.xmdp.addon.test.LoggerTest:15] warn
[2018-06-27 01:29:46,431][main][INFO][net.javafxchina.xmdp.addon.test.LoggerTest:16] info
[2018-06-27 01:29:46,432][main][ERROR][net.javafxchina.xmdp.addon.test.LoggerTest:17] error
[2018-07-12 13:44:01,355][main][INFO][net.javafxchina.xmdp.addon.AddonsLauncher:56] localPath=H:\我的坚果云\98技术学习\JavaFX\XMDP\git\xmdp\src\xmdp.addon
[2018-07-12 13:44:01,368][main][INFO][net.javafxchina.xmdp.addon.AddonsManager:26] ==================AddonsManager created==================
[2018-07-12 13:44:01,397][main][INFO][net.javafxchina.xmdp.addon.AddonsManager:41] ============= Starting the Addons Search=============
[2018-07-12 13:44:01,399][main][INFO][net.javafxchina.xmdp.addon.AddonsManager:48] Found 1 addons
[2018-07-12 13:44:01,399][main][INFO][net.javafxchina.xmdp.addon.AddonsManager:51] Found a addon jar:xmdp.addon.test-1.0.0.jar
[2018-07-12 13:44:01,400][main][INFO][net.javafxchina.xmdp.addon.AddonsLauncher:64] =============Core configuration loading=============
[2018-07-12 13:44:02,031][main][INFO][net.javafxchina.xmdp.addon.test.TestAnnotationAddon:19] =================TestAnnotationAddon init!=======================
[2018-07-12 13:44:02,074][main][INFO][net.javafxchina.xmdp.addon.AddonsLauncher:69] =============Loading addons=============
[2018-07-12 13:44:02,100][main][DEBUG][net.javafxchina.xmdp.addon.AddonsManager:84] Register beans in addon.xml:name=testAddon;ClassName=net.javafxchina.xmdp.addon.test.TestAddon
[2018-07-12 13:44:02,104][main][INFO][net.javafxchina.xmdp.addon.test.TestAddon:15] =================TestAddon init!=======================
[2018-07-12 13:44:02,107][main][INFO][net.javafxchina.xmdp.addon.test.TestAddon:18] =================TestAddon doit!=======================
[2018-07-12 13:44:02,107][main][INFO][net.javafxchina.xmdp.addon.AddonsLauncher:84] XML Addon test：net.javafxchina.xmdp.addon.test.TestAddon
[2018-07-12 13:44:02,108][main][INFO][net.javafxchina.xmdp.addon.test.TestAnnotationAddon:23] =================TestAnnotationAddon doit!=======================
[2018-07-12 13:44:02,108][main][INFO][net.javafxchina.xmdp.addon.AddonsLauncher:88] AnnotationAddon test：net.javafxchina.xmdp.addon.test.TestAnnotationAddon
[2018-07-12 13:44:02,109][main][INFO][net.javafxchina.xmdp.addon.AddonsLauncher:72] =============Core configuration loaded=============
[2018-07-12 13:44:02,484][main][TRACE][net.javafxchina.xmdp.addon.test.LoggerTest:13] trace
[2018-07-12 13:44:02,485][main][DEBUG][net.javafxchina.xmdp.addon.test.LoggerTest:14] debug
[2018-07-12 13:44:02,486][main][WARN][net.javafxchina.xmdp.addon.test.LoggerTest:15] warn
[2018-07-12 13:44:02,486][main][INFO][net.javafxchina.xmdp.addon.test.LoggerTest:16] info
[2018-07-12 13:44:02,487][main][ERROR][net.javafxchina.xmdp.addon.test.LoggerTest:17] error
[2018-07-13 03:05:25,151][main][INFO][net.javafxchina.xmdp.addon.AddonsLauncher:56] localPath=D:\我的坚果云\98技术学习\JavaFX\XMDP\git\xmdp\src\xmdp.addon
[2018-07-13 03:05:25,151][main][INFO][net.javafxchina.xmdp.addon.AddonsManager:26] ==================AddonsManager created==================
[2018-07-13 03:05:25,176][main][INFO][net.javafxchina.xmdp.addon.AddonsManager:41] ============= Starting the Addons Search=============
[2018-07-13 03:05:25,176][main][INFO][net.javafxchina.xmdp.addon.AddonsManager:48] Found 1 addons
[2018-07-13 03:05:25,176][main][INFO][net.javafxchina.xmdp.addon.AddonsManager:51] Found a addon jar:xmdp.addon.test-1.0.0.jar
[2018-07-13 03:05:25,176][main][INFO][net.javafxchina.xmdp.addon.AddonsLauncher:64] =============Core configuration loading=============
[2018-07-13 03:05:25,557][main][INFO][net.javafxchina.xmdp.addon.test.TestAnnotationAddon:19] =================TestAnnotationAddon init!=======================
[2018-07-13 03:05:25,572][main][INFO][net.javafxchina.xmdp.addon.AddonsLauncher:69] =============Loading addons=============
[2018-07-13 03:05:25,592][main][DEBUG][net.javafxchina.xmdp.addon.AddonsManager:84] Register beans in addon.xml:name=testAddon;ClassName=net.javafxchina.xmdp.addon.test.TestAddon
[2018-07-13 03:05:25,597][main][INFO][net.javafxchina.xmdp.addon.test.TestAddon:15] =================TestAddon init!=======================
[2018-07-13 03:05:25,597][main][INFO][net.javafxchina.xmdp.addon.test.TestAddon:18] =================TestAddon doit!=======================
[2018-07-13 03:05:25,597][main][INFO][net.javafxchina.xmdp.addon.AddonsLauncher:84] XML Addon test：net.javafxchina.xmdp.addon.test.TestAddon
[2018-07-13 03:05:25,597][main][INFO][net.javafxchina.xmdp.addon.test.TestAnnotationAddon:23] =================TestAnnotationAddon doit!=======================
[2018-07-13 03:05:25,597][main][INFO][net.javafxchina.xmdp.addon.AddonsLauncher:88] AnnotationAddon test：net.javafxchina.xmdp.addon.test.TestAnnotationAddon
[2018-07-13 03:05:25,597][main][INFO][net.javafxchina.xmdp.addon.AddonsLauncher:72] =============Core configuration loaded=============
[2018-07-13 03:05:25,922][main][TRACE][net.javafxchina.xmdp.addon.test.LoggerTest:13] trace
[2018-07-13 03:05:25,922][main][DEBUG][net.javafxchina.xmdp.addon.test.LoggerTest:14] debug
[2018-07-13 03:05:25,922][main][WARN][net.javafxchina.xmdp.addon.test.LoggerTest:15] warn
[2018-07-13 03:05:25,922][main][INFO][net.javafxchina.xmdp.addon.test.LoggerTest:16] info
[2018-07-13 03:05:25,922][main][ERROR][net.javafxchina.xmdp.addon.test.LoggerTest:17] error
[2018-08-08 01:48:55,939][main][INFO][net.javafxchina.xmdp.addon.AddonsLauncher:56] localPath=H:\我的坚果云\98技术学习\JavaFX\XMDP\git\xmdp\src\xmdp.addon
[2018-08-08 01:48:55,976][main][INFO][net.javafxchina.xmdp.addon.AddonsManager:26] ==================AddonsManager created==================
[2018-08-08 01:48:56,012][main][INFO][net.javafxchina.xmdp.addon.AddonsManager:41] ============= Starting the Addons Search=============
[2018-08-08 01:48:56,013][main][INFO][net.javafxchina.xmdp.addon.AddonsManager:48] Found 1 addons
[2018-08-08 01:48:56,014][main][INFO][net.javafxchina.xmdp.addon.AddonsManager:51] Found a addon jar:xmdp.addon.test-1.0.0.jar
[2018-08-08 01:48:56,015][main][INFO][net.javafxchina.xmdp.addon.AddonsLauncher:64] =============Core configuration loading=============
[2018-08-08 01:48:56,738][main][INFO][net.javafxchina.xmdp.addon.test.TestAnnotationAddon:19] =================TestAnnotationAddon init!=======================
[2018-08-08 01:48:56,778][main][INFO][net.javafxchina.xmdp.addon.AddonsLauncher:69] =============Loading addons=============
[2018-08-08 01:48:56,847][main][TRACE][net.javafxchina.xmdp.addon.AddonsManager:84] Register beans in addon.xml:name=testAddon;ClassName=net.javafxchina.xmdp.addon.test.TestAddon
[2018-08-08 01:48:56,859][main][INFO][net.javafxchina.xmdp.addon.test.TestAddon:15] =================TestAddon init!=======================
[2018-08-08 01:48:56,859][main][INFO][net.javafxchina.xmdp.addon.test.TestAddon:18] =================TestAddon doit!=======================
[2018-08-08 01:48:56,860][main][INFO][net.javafxchina.xmdp.addon.AddonsLauncher:84] XML Addon test：net.javafxchina.xmdp.addon.test.TestAddon
[2018-08-08 01:48:56,860][main][INFO][net.javafxchina.xmdp.addon.test.TestAnnotationAddon:23] =================TestAnnotationAddon doit!=======================
[2018-08-08 01:48:56,861][main][INFO][net.javafxchina.xmdp.addon.AddonsLauncher:88] AnnotationAddon test：net.javafxchina.xmdp.addon.test.TestAnnotationAddon
[2018-08-08 01:48:56,861][main][INFO][net.javafxchina.xmdp.addon.AddonsLauncher:72] =============Core configuration loaded=============
[2018-08-08 01:48:57,510][main][TRACE][net.javafxchina.xmdp.addon.test.LoggerTest:13] trace
[2018-08-08 01:48:57,510][main][DEBUG][net.javafxchina.xmdp.addon.test.LoggerTest:14] debug
[2018-08-08 01:48:57,511][main][WARN][net.javafxchina.xmdp.addon.test.LoggerTest:15] warn
[2018-08-08 01:48:57,511][main][INFO][net.javafxchina.xmdp.addon.test.LoggerTest:16] info
[2018-08-08 01:48:57,511][main][ERROR][net.javafxchina.xmdp.addon.test.LoggerTest:17] error
[2018-08-13 10:10:35,314][main][INFO][net.javafxchina.xmdp.addon.AddonsLauncher:56] localPath=H:\我的坚果云\98技术学习\JavaFX\XMDP\git\xmdp\src\xmdp.addon
[2018-08-13 10:10:35,330][main][INFO][net.javafxchina.xmdp.addon.AddonsManager:26] ==================AddonsManager created==================
[2018-08-13 10:10:35,377][main][INFO][net.javafxchina.xmdp.addon.AddonsManager:41] ============= Starting the Addons Search=============
[2018-08-13 10:10:35,377][main][INFO][net.javafxchina.xmdp.addon.AddonsManager:48] Found 1 addons
[2018-08-13 10:10:35,377][main][INFO][net.javafxchina.xmdp.addon.AddonsManager:51] Found a addon jar:xmdp.addon.test-1.0.0.jar
[2018-08-13 10:10:35,377][main][INFO][net.javafxchina.xmdp.addon.AddonsLauncher:64] =============Core configuration loading=============
[2018-08-13 10:10:36,083][main][INFO][net.javafxchina.xmdp.addon.test.TestAnnotationAddon:19] =================TestAnnotationAddon init!=======================
[2018-08-13 10:10:36,114][main][INFO][net.javafxchina.xmdp.addon.AddonsLauncher:69] =============Loading addons=============
[2018-08-13 10:10:36,176][main][TRACE][net.javafxchina.xmdp.addon.AddonsManager:84] Register beans in addon.xml:name=testAddon;ClassName=net.javafxchina.xmdp.addon.test.TestAddon
[2018-08-13 10:10:36,176][main][INFO][net.javafxchina.xmdp.addon.test.TestAddon:15] =================TestAddon init!=======================
[2018-08-13 10:10:36,176][main][INFO][net.javafxchina.xmdp.addon.test.TestAddon:18] =================TestAddon doit!=======================
[2018-08-13 10:10:36,176][main][INFO][net.javafxchina.xmdp.addon.AddonsLauncher:84] XML Addon test：net.javafxchina.xmdp.addon.test.TestAddon
[2018-08-13 10:10:36,176][main][INFO][net.javafxchina.xmdp.addon.test.TestAnnotationAddon:23] =================TestAnnotationAddon doit!=======================
[2018-08-13 10:10:36,176][main][INFO][net.javafxchina.xmdp.addon.AddonsLauncher:88] AnnotationAddon test：net.javafxchina.xmdp.addon.test.TestAnnotationAddon
[2018-08-13 10:10:36,176][main][INFO][net.javafxchina.xmdp.addon.AddonsLauncher:72] =============Core configuration loaded=============
[2018-08-13 10:10:36,848][main][TRACE][net.javafxchina.xmdp.addon.test.LoggerTest:13] trace
[2018-08-13 10:10:36,848][main][DEBUG][net.javafxchina.xmdp.addon.test.LoggerTest:14] debug
[2018-08-13 10:10:36,848][main][WARN][net.javafxchina.xmdp.addon.test.LoggerTest:15] warn
[2018-08-13 10:10:36,848][main][INFO][net.javafxchina.xmdp.addon.test.LoggerTest:16] info
[2018-08-13 10:10:36,848][main][ERROR][net.javafxchina.xmdp.addon.test.LoggerTest:17] error
[2018-08-29 20:14:25,145][main][INFO][net.javafxchina.xmdp.addon.AddonsLauncher:56] localPath=H:\我的坚果云\98技术学习\JavaFX\XMDP\git\xmdp\src\xmdp.addon
[2018-08-29 20:14:25,168][main][INFO][net.javafxchina.xmdp.addon.AddonsManager:26] ==================AddonsManager created==================
[2018-08-29 20:14:25,209][main][INFO][net.javafxchina.xmdp.addon.AddonsManager:41] ============= Starting the Addons Search=============
[2018-08-29 20:14:25,211][main][INFO][net.javafxchina.xmdp.addon.AddonsManager:48] Found 1 addons
[2018-08-29 20:14:25,211][main][INFO][net.javafxchina.xmdp.addon.AddonsManager:51] Found a addon jar:xmdp.addon.test-1.0.0.jar
[2018-08-29 20:14:25,212][main][INFO][net.javafxchina.xmdp.addon.AddonsLauncher:64] =============Core configuration loading=============
[2018-08-29 20:14:26,245][main][INFO][net.javafxchina.xmdp.addon.test.TestAnnotationAddon:19] =================TestAnnotationAddon init!=======================
[2018-08-29 20:14:26,294][main][INFO][net.javafxchina.xmdp.addon.AddonsLauncher:69] =============Loading addons=============
[2018-08-29 20:14:26,370][main][TRACE][net.javafxchina.xmdp.addon.AddonsManager:84] Register beans in addon.xml:name=testAddon;ClassName=net.javafxchina.xmdp.addon.test.TestAddon
[2018-08-29 20:14:26,375][main][INFO][net.javafxchina.xmdp.addon.test.TestAddon:15] =================TestAddon init!=======================
[2018-08-29 20:14:26,376][main][INFO][net.javafxchina.xmdp.addon.test.TestAddon:18] =================TestAddon doit!=======================
[2018-08-29 20:14:26,377][main][INFO][net.javafxchina.xmdp.addon.AddonsLauncher:84] XML Addon test：net.javafxchina.xmdp.addon.test.TestAddon
[2018-08-29 20:14:26,378][main][INFO][net.javafxchina.xmdp.addon.test.TestAnnotationAddon:23] =================TestAnnotationAddon doit!=======================
[2018-08-29 20:14:26,379][main][INFO][net.javafxchina.xmdp.addon.AddonsLauncher:88] AnnotationAddon test：net.javafxchina.xmdp.addon.test.TestAnnotationAddon
[2018-08-29 20:14:26,380][main][INFO][net.javafxchina.xmdp.addon.AddonsLauncher:72] =============Core configuration loaded=============
[2018-08-29 20:14:26,922][main][TRACE][net.javafxchina.xmdp.addon.test.LoggerTest:13] trace
[2018-08-29 20:14:26,923][main][DEBUG][net.javafxchina.xmdp.addon.test.LoggerTest:14] debug
[2018-08-29 20:14:26,924][main][WARN][net.javafxchina.xmdp.addon.test.LoggerTest:15] warn
[2018-08-29 20:14:26,924][main][INFO][net.javafxchina.xmdp.addon.test.LoggerTest:16] info
[2018-08-29 20:14:26,924][main][ERROR][net.javafxchina.xmdp.addon.test.LoggerTest:17] error
[2018-08-29 20:14:39,720][main][INFO][net.javafxchina.xmdp.addon.AddonsLauncher:56] localPath=H:\我的坚果云\98技术学习\JavaFX\XMDP\git\xmdp\src\xmdp.addon
[2018-08-29 20:14:39,726][main][INFO][net.javafxchina.xmdp.addon.AddonsManager:26] ==================AddonsManager created==================
[2018-08-29 20:14:39,765][main][INFO][net.javafxchina.xmdp.addon.AddonsManager:41] ============= Starting the Addons Search=============
[2018-08-29 20:14:39,767][main][INFO][net.javafxchina.xmdp.addon.AddonsManager:48] Found 1 addons
[2018-08-29 20:14:39,767][main][INFO][net.javafxchina.xmdp.addon.AddonsManager:51] Found a addon jar:xmdp.addon.test-1.0.0.jar
[2018-08-29 20:14:39,768][main][INFO][net.javafxchina.xmdp.addon.AddonsLauncher:64] =============Core configuration loading=============
[2018-08-29 20:14:40,609][main][INFO][net.javafxchina.xmdp.addon.test.TestAnnotationAddon:19] =================TestAnnotationAddon init!=======================
[2018-08-29 20:14:40,691][main][INFO][net.javafxchina.xmdp.addon.AddonsLauncher:69] =============Loading addons=============
[2018-08-29 20:14:40,794][main][TRACE][net.javafxchina.xmdp.addon.AddonsManager:84] Register beans in addon.xml:name=testAddon;ClassName=net.javafxchina.xmdp.addon.test.TestAddon
[2018-08-29 20:14:40,810][main][INFO][net.javafxchina.xmdp.addon.test.TestAddon:15] =================TestAddon init!=======================
[2018-08-29 20:14:40,811][main][INFO][net.javafxchina.xmdp.addon.test.TestAddon:18] =================TestAddon doit!=======================
[2018-08-29 20:14:40,813][main][INFO][net.javafxchina.xmdp.addon.AddonsLauncher:84] XML Addon test：net.javafxchina.xmdp.addon.test.TestAddon
[2018-08-29 20:14:40,814][main][INFO][net.javafxchina.xmdp.addon.test.TestAnnotationAddon:23] =================TestAnnotationAddon doit!=======================
[2018-08-29 20:14:40,814][main][INFO][net.javafxchina.xmdp.addon.AddonsLauncher:88] AnnotationAddon test：net.javafxchina.xmdp.addon.test.TestAnnotationAddon
[2018-08-29 20:14:40,815][main][INFO][net.javafxchina.xmdp.addon.AddonsLauncher:72] =============Core configuration loaded=============
[2018-08-29 20:14:41,431][main][TRACE][net.javafxchina.xmdp.addon.test.LoggerTest:13] trace
[2018-08-29 20:14:41,433][main][DEBUG][net.javafxchina.xmdp.addon.test.LoggerTest:14] debug
[2018-08-29 20:14:41,434][main][WARN][net.javafxchina.xmdp.addon.test.LoggerTest:15] warn
[2018-08-29 20:14:41,434][main][INFO][net.javafxchina.xmdp.addon.test.LoggerTest:16] info
[2018-08-29 20:14:41,435][main][ERROR][net.javafxchina.xmdp.addon.test.LoggerTest:17] error
[2019-04-11 02:03:04,401][main][INFO][net.javafxchina.xmdp.addon.AddonsLauncher:56] localPath=D:\我的坚果云\98技术学习\JavaFX\XMDP\git\xmdp\src\xmdp.addon
[2019-04-11 02:03:04,401][main][INFO][net.javafxchina.xmdp.addon.AddonsManager:26] ==================AddonsManager created==================
[2019-04-11 02:03:04,432][main][INFO][net.javafxchina.xmdp.addon.AddonsManager:41] ============= Starting the Addons Search=============
[2019-04-11 02:03:04,432][main][INFO][net.javafxchina.xmdp.addon.AddonsManager:48] Found 1 addons
[2019-04-11 02:03:04,432][main][INFO][net.javafxchina.xmdp.addon.AddonsManager:51] Found a addon jar:xmdp.addon.test-1.0.0.jar
[2019-04-11 02:03:04,432][main][INFO][net.javafxchina.xmdp.addon.AddonsLauncher:64] =============Core configuration loading=============
[2019-04-11 02:03:04,736][main][INFO][net.javafxchina.xmdp.addon.test.TestAnnotationAddon:19] =================TestAnnotationAddon init!=======================
[2019-04-11 02:03:04,736][main][INFO][net.javafxchina.xmdp.addon.AddonsLauncher:69] =============Loading addons=============
[2019-04-11 02:03:04,751][main][TRACE][net.javafxchina.xmdp.addon.AddonsManager:84] Register beans in addon.xml:name=testAddon;ClassName=net.javafxchina.xmdp.addon.test.TestAddon
[2019-04-11 02:03:04,751][main][INFO][net.javafxchina.xmdp.addon.test.TestAddon:15] =================TestAddon init!=======================
[2019-04-11 02:03:04,751][main][INFO][net.javafxchina.xmdp.addon.test.TestAddon:18] =================TestAddon doit!=======================
[2019-04-11 02:03:04,751][main][INFO][net.javafxchina.xmdp.addon.AddonsLauncher:84] XML Addon test：net.javafxchina.xmdp.addon.test.TestAddon
[2019-04-11 02:03:04,751][main][INFO][net.javafxchina.xmdp.addon.test.TestAnnotationAddon:23] =================TestAnnotationAddon doit!=======================
[2019-04-11 02:03:04,751][main][INFO][net.javafxchina.xmdp.addon.AddonsLauncher:88] AnnotationAddon test：net.javafxchina.xmdp.addon.test.TestAnnotationAddon
[2019-04-11 02:03:04,751][main][INFO][net.javafxchina.xmdp.addon.AddonsLauncher:72] =============Core configuration loaded=============
[2019-04-11 02:03:05,032][main][TRACE][net.javafxchina.xmdp.addon.test.LoggerTest:13] trace
[2019-04-11 02:03:05,032][main][DEBUG][net.javafxchina.xmdp.addon.test.LoggerTest:14] debug
[2019-04-11 02:03:05,032][main][WARN][net.javafxchina.xmdp.addon.test.LoggerTest:15] warn
[2019-04-11 02:03:05,032][main][INFO][net.javafxchina.xmdp.addon.test.LoggerTest:16] info
[2019-04-11 02:03:05,032][main][ERROR][net.javafxchina.xmdp.addon.test.LoggerTest:17] error
[2019-04-11 02:03:11,867][main][INFO][net.javafxchina.xmdp.addon.AddonsLauncher:56] localPath=D:\我的坚果云\98技术学习\JavaFX\XMDP\git\xmdp\src\xmdp.addon
[2019-04-11 02:03:11,867][main][INFO][net.javafxchina.xmdp.addon.AddonsManager:26] ==================AddonsManager created==================
[2019-04-11 02:03:11,883][main][INFO][net.javafxchina.xmdp.addon.AddonsManager:41] ============= Starting the Addons Search=============
[2019-04-11 02:03:11,883][main][INFO][net.javafxchina.xmdp.addon.AddonsManager:48] Found 1 addons
[2019-04-11 02:03:11,883][main][INFO][net.javafxchina.xmdp.addon.AddonsManager:51] Found a addon jar:xmdp.addon.test-1.0.0.jar
[2019-04-11 02:03:11,883][main][INFO][net.javafxchina.xmdp.addon.AddonsLauncher:64] =============Core configuration loading=============
[2019-04-11 02:03:12,190][main][INFO][net.javafxchina.xmdp.addon.test.TestAnnotationAddon:19] =================TestAnnotationAddon init!=======================
[2019-04-11 02:03:12,206][main][INFO][net.javafxchina.xmdp.addon.AddonsLauncher:69] =============Loading addons=============
[2019-04-11 02:03:12,206][main][TRACE][net.javafxchina.xmdp.addon.AddonsManager:84] Register beans in addon.xml:name=testAddon;ClassName=net.javafxchina.xmdp.addon.test.TestAddon
[2019-04-11 02:03:12,221][main][INFO][net.javafxchina.xmdp.addon.test.TestAddon:15] =================TestAddon init!=======================
[2019-04-11 02:03:12,221][main][INFO][net.javafxchina.xmdp.addon.test.TestAddon:18] =================TestAddon doit!=======================
[2019-04-11 02:03:12,221][main][INFO][net.javafxchina.xmdp.addon.AddonsLauncher:84] XML Addon test：net.javafxchina.xmdp.addon.test.TestAddon
[2019-04-11 02:03:12,221][main][INFO][net.javafxchina.xmdp.addon.test.TestAnnotationAddon:23] =================TestAnnotationAddon doit!=======================
[2019-04-11 02:03:12,221][main][INFO][net.javafxchina.xmdp.addon.AddonsLauncher:88] AnnotationAddon test：net.javafxchina.xmdp.addon.test.TestAnnotationAddon
[2019-04-11 02:03:12,221][main][INFO][net.javafxchina.xmdp.addon.AddonsLauncher:72] =============Core configuration loaded=============
[2019-04-11 02:03:12,487][main][TRACE][net.javafxchina.xmdp.addon.test.LoggerTest:13] trace
[2019-04-11 02:03:12,487][main][DEBUG][net.javafxchina.xmdp.addon.test.LoggerTest:14] debug
[2019-04-11 02:03:12,487][main][WARN][net.javafxchina.xmdp.addon.test.LoggerTest:15] warn
[2019-04-11 02:03:12,487][main][INFO][net.javafxchina.xmdp.addon.test.LoggerTest:16] info
[2019-04-11 02:03:12,487][main][ERROR][net.javafxchina.xmdp.addon.test.LoggerTest:17] error
[2020-09-11 13:49:16,754][main][INFO][net.javafxchina.xmdp.addon.AddonsLauncher:56] localPath=D:\我的坚果云\98技术学习\JavaFX\XMDP\git\xmdp\src\xmdp.addon
[2020-09-11 13:49:16,758][main][INFO][net.javafxchina.xmdp.addon.AddonsManager:26] ==================AddonsManager created==================
[2020-09-11 13:49:16,774][main][INFO][net.javafxchina.xmdp.addon.AddonsManager:41] ============= Starting the Addons Search=============
[2020-09-11 13:49:16,775][main][INFO][net.javafxchina.xmdp.addon.AddonsManager:48] Found 1 addons
[2020-09-11 13:49:16,775][main][INFO][net.javafxchina.xmdp.addon.AddonsManager:51] Found a addon jar:xmdp.addon.test-1.0.0.jar
[2020-09-11 13:49:16,775][main][INFO][net.javafxchina.xmdp.addon.AddonsLauncher:64] =============Core configuration loading=============
[2020-09-11 13:49:17,038][main][INFO][net.javafxchina.xmdp.addon.test.TestAnnotationAddon:19] =================TestAnnotationAddon init!=======================
[2020-09-11 13:49:17,049][main][INFO][net.javafxchina.xmdp.addon.AddonsLauncher:69] =============Loading addons=============
[2020-09-11 13:49:17,057][main][TRACE][net.javafxchina.xmdp.addon.AddonsManager:84] Register beans in addon.xml:name=testAddon;ClassName=net.javafxchina.xmdp.addon.test.TestAddon
[2020-09-11 13:49:17,058][main][INFO][net.javafxchina.xmdp.addon.test.TestAddon:15] =================TestAddon init!=======================
[2020-09-11 13:49:17,059][main][INFO][net.javafxchina.xmdp.addon.test.TestAddon:18] =================TestAddon doit!=======================
[2020-09-11 13:49:17,059][main][INFO][net.javafxchina.xmdp.addon.AddonsLauncher:84] XML Addon test：net.javafxchina.xmdp.addon.test.TestAddon
[2020-09-11 13:49:17,059][main][INFO][net.javafxchina.xmdp.addon.test.TestAnnotationAddon:23] =================TestAnnotationAddon doit!=======================
[2020-09-11 13:49:17,060][main][INFO][net.javafxchina.xmdp.addon.AddonsLauncher:88] AnnotationAddon test：net.javafxchina.xmdp.addon.test.TestAnnotationAddon
[2020-09-11 13:49:17,060][main][INFO][net.javafxchina.xmdp.addon.AddonsLauncher:72] =============Core configuration loaded=============
[2020-09-11 13:49:17,669][main][TRACE][net.javafxchina.xmdp.addon.test.LoggerTest:13] trace
[2020-09-11 13:49:17,669][main][DEBUG][net.javafxchina.xmdp.addon.test.LoggerTest:14] debug
[2020-09-11 13:49:17,669][main][WARN][net.javafxchina.xmdp.addon.test.LoggerTest:15] warn
[2020-09-11 13:49:17,669][main][INFO][net.javafxchina.xmdp.addon.test.LoggerTest:16] info
[2020-09-11 13:49:17,669][main][ERROR][net.javafxchina.xmdp.addon.test.LoggerTest:17] error
[2020-09-14 23:52:15,842][main][INFO][net.javafxchina.xmdp.addon.AddonsLauncher:56] localPath=F:\我的坚果云\98技术学习\JavaFX\XMDP\git\xmdp\src\xmdp.parent\xmdp.addon
[2020-09-14 23:52:15,846][main][INFO][net.javafxchina.xmdp.addon.AddonsManager:26] ==================AddonsManager created==================
[2020-09-14 23:52:15,867][main][INFO][net.javafxchina.xmdp.addon.AddonsManager:41] ============= Starting the Addons Search=============
[2020-09-14 23:52:15,868][main][INFO][net.javafxchina.xmdp.addon.AddonsManager:48] Found 1 addons
[2020-09-14 23:52:15,869][main][INFO][net.javafxchina.xmdp.addon.AddonsManager:51] Found a addon jar:xmdp.addon.test-1.0.0.jar
[2020-09-14 23:52:15,869][main][INFO][net.javafxchina.xmdp.addon.AddonsLauncher:64] =============Core configuration loading=============
[2020-09-14 23:52:16,265][main][INFO][net.javafxchina.xmdp.addon.test.TestAnnotationAddon:19] =================TestAnnotationAddon init!=======================
[2020-09-14 23:52:16,282][main][INFO][net.javafxchina.xmdp.addon.AddonsLauncher:69] =============Loading addons=============
[2020-09-14 23:52:16,293][main][TRACE][net.javafxchina.xmdp.addon.AddonsManager:84] Register beans in addon.xml:name=testAddon;ClassName=net.javafxchina.xmdp.addon.test.TestAddon
[2020-09-14 23:52:16,295][main][INFO][net.javafxchina.xmdp.addon.test.TestAddon:15] =================TestAddon init!=======================
[2020-09-14 23:52:16,295][main][INFO][net.javafxchina.xmdp.addon.test.TestAddon:18] =================TestAddon doit!=======================
[2020-09-14 23:52:16,295][main][INFO][net.javafxchina.xmdp.addon.AddonsLauncher:84] XML Addon test：net.javafxchina.xmdp.addon.test.TestAddon
[2020-09-14 23:52:16,296][main][INFO][net.javafxchina.xmdp.addon.test.TestAnnotationAddon:23] =================TestAnnotationAddon doit!=======================
[2020-09-14 23:52:16,296][main][INFO][net.javafxchina.xmdp.addon.AddonsLauncher:88] AnnotationAddon test：net.javafxchina.xmdp.addon.test.TestAnnotationAddon
[2020-09-14 23:52:16,297][main][INFO][net.javafxchina.xmdp.addon.AddonsLauncher:72] =============Core configuration loaded=============
[2020-09-14 23:52:16,653][main][TRACE][net.javafxchina.xmdp.addon.test.LoggerTest:13] trace
[2020-09-14 23:52:16,654][main][DEBUG][net.javafxchina.xmdp.addon.test.LoggerTest:14] debug
[2020-09-14 23:52:16,654][main][WARN][net.javafxchina.xmdp.addon.test.LoggerTest:15] warn
[2020-09-14 23:52:16,654][main][INFO][net.javafxchina.xmdp.addon.test.LoggerTest:16] info
[2020-09-14 23:52:16,654][main][ERROR][net.javafxchina.xmdp.addon.test.LoggerTest:17] error
[2020-09-28 16:11:42,905][main][INFO][net.javafxchina.xmdp.addon.AddonsLauncher:56] localPath=D:\我的坚果云\98技术学习\JavaFX\XMDP\git\xmdp\src\xmdp.parent\xmdp.addon
[2020-09-28 16:11:42,910][main][INFO][net.javafxchina.xmdp.addon.AddonsManager:26] ==================AddonsManager created==================
[2020-09-28 16:11:42,927][main][INFO][net.javafxchina.xmdp.addon.AddonsManager:41] ============= Starting the Addons Search=============
[2020-09-28 16:11:42,928][main][INFO][net.javafxchina.xmdp.addon.AddonsManager:48] Found 1 addons
[2020-09-28 16:11:42,929][main][INFO][net.javafxchina.xmdp.addon.AddonsManager:51] Found a addon jar:xmdp.addon.test-1.0.0.jar
[2020-09-28 16:11:42,929][main][INFO][net.javafxchina.xmdp.addon.AddonsLauncher:64] =============Core configuration loading=============
[2020-09-28 16:11:43,217][main][INFO][net.javafxchina.xmdp.addon.test.TestAnnotationAddon:19] =================TestAnnotationAddon init!=======================
[2020-09-28 16:11:43,228][main][INFO][net.javafxchina.xmdp.addon.AddonsLauncher:69] =============Loading addons=============
[2020-09-28 16:11:43,237][main][TRACE][net.javafxchina.xmdp.addon.AddonsManager:84] Register beans in addon.xml:name=testAddon;ClassName=net.javafxchina.xmdp.addon.test.TestAddon
[2020-09-28 16:11:43,239][main][INFO][net.javafxchina.xmdp.addon.test.TestAddon:15] =================TestAddon init!=======================
[2020-09-28 16:11:43,239][main][INFO][net.javafxchina.xmdp.addon.test.TestAddon:18] =================TestAddon doit!=======================
[2020-09-28 16:11:43,240][main][INFO][net.javafxchina.xmdp.addon.AddonsLauncher:84] XML Addon test：net.javafxchina.xmdp.addon.test.TestAddon
[2020-09-28 16:11:43,240][main][INFO][net.javafxchina.xmdp.addon.test.TestAnnotationAddon:23] =================TestAnnotationAddon doit!=======================
[2020-09-28 16:11:43,240][main][INFO][net.javafxchina.xmdp.addon.AddonsLauncher:88] AnnotationAddon test：net.javafxchina.xmdp.addon.test.TestAnnotationAddon
[2020-09-28 16:11:43,240][main][INFO][net.javafxchina.xmdp.addon.AddonsLauncher:72] =============Core configuration loaded=============
[2020-09-28 16:11:43,802][main][TRACE][net.javafxchina.xmdp.addon.test.LoggerTest:13] trace
[2020-09-28 16:11:43,802][main][DEBUG][net.javafxchina.xmdp.addon.test.LoggerTest:14] debug
[2020-09-28 16:11:43,802][main][WARN][net.javafxchina.xmdp.addon.test.LoggerTest:15] warn
[2020-09-28 16:11:43,802][main][INFO][net.javafxchina.xmdp.addon.test.LoggerTest:16] info
[2020-09-28 16:11:43,802][main][ERROR][net.javafxchina.xmdp.addon.test.LoggerTest:17] error
[2020-11-23 23:32:25,010][main][INFO][net.javafxchina.xmdp.addon.AddonsLauncher:56] localPath=E:\我的坚果云\98技术学习\JavaFX\XMDP\git\xmdp\src\xmdp.parent\xmdp.addon
[2020-11-23 23:32:25,021][main][INFO][net.javafxchina.xmdp.addon.AddonsManager:26] ==================AddonsManager created==================
[2020-11-23 23:32:25,048][main][INFO][net.javafxchina.xmdp.addon.AddonsManager:41] ============= Starting the Addons Search=============
[2020-11-23 23:32:25,049][main][INFO][net.javafxchina.xmdp.addon.AddonsManager:48] Found 1 addons
[2020-11-23 23:32:25,050][main][INFO][net.javafxchina.xmdp.addon.AddonsManager:51] Found a addon jar:xmdp.addon.test-1.0.0.jar
[2020-11-23 23:32:25,051][main][INFO][net.javafxchina.xmdp.addon.AddonsLauncher:64] =============Core configuration loading=============
[2020-11-23 23:32:25,564][main][INFO][net.javafxchina.xmdp.addon.test.TestAnnotationAddon:19] =================TestAnnotationAddon init!=======================
[2020-11-23 23:32:25,591][main][INFO][net.javafxchina.xmdp.addon.AddonsLauncher:69] =============Loading addons=============
[2020-11-23 23:32:25,605][main][TRACE][net.javafxchina.xmdp.addon.AddonsManager:84] Register beans in addon.xml:name=testAddon;ClassName=net.javafxchina.xmdp.addon.test.TestAddon
[2020-11-23 23:32:25,609][main][INFO][net.javafxchina.xmdp.addon.test.TestAddon:15] =================TestAddon init!=======================
[2020-11-23 23:32:25,609][main][INFO][net.javafxchina.xmdp.addon.test.TestAddon:18] =================TestAddon doit!=======================
[2020-11-23 23:32:25,609][main][INFO][net.javafxchina.xmdp.addon.AddonsLauncher:84] XML Addon test：net.javafxchina.xmdp.addon.test.TestAddon
[2020-11-23 23:32:25,610][main][INFO][net.javafxchina.xmdp.addon.test.TestAnnotationAddon:23] =================TestAnnotationAddon doit!=======================
[2020-11-23 23:32:25,610][main][INFO][net.javafxchina.xmdp.addon.AddonsLauncher:88] AnnotationAddon test：net.javafxchina.xmdp.addon.test.TestAnnotationAddon
[2020-11-23 23:32:25,610][main][INFO][net.javafxchina.xmdp.addon.AddonsLauncher:72] =============Core configuration loaded=============
[2020-11-23 23:32:26,169][main][TRACE][net.javafxchina.xmdp.addon.test.LoggerTest:13] trace
[2020-11-23 23:32:26,170][main][DEBUG][net.javafxchina.xmdp.addon.test.LoggerTest:14] debug
[2020-11-23 23:32:26,170][main][WARN][net.javafxchina.xmdp.addon.test.LoggerTest:15] warn
[2020-11-23 23:32:26,170][main][INFO][net.javafxchina.xmdp.addon.test.LoggerTest:16] info
[2020-11-23 23:32:26,171][main][ERROR][net.javafxchina.xmdp.addon.test.LoggerTest:17] error
